<?xml version="1.0" encoding="UTF-8"?>
<!-- Generated by org.testng.reporters.JUnitXMLReporter -->
<testsuite ignored="0" hostname="Dell3568i37thgen" failures="2" tests="2" name="Test" time="75.974" errors="0" timestamp="2022-05-24T15:03:28 IST">
  <testcase classname="com.vtiger.contactsTest.CreateContactTest" name="createcontactTest" time="1.749">
    <failure type="java.lang.Error" message="Unresolved compilation problem: 
	The method enterLastName(String) in the type ContactLastNamePage is not applicable for the arguments ()
">
      <![CDATA[java.lang.Error: Unresolved compilation problem: 
The method enterLastName(String) in the type ContactLastNamePage is not applicable for the arguments ()

at com.vtiger.contactsTest.CreateContactTest.createcontactTest(CreateContactTest.java:48)
at java.base/java.util.ArrayList.forEach(ArrayList.java:1511)
... Removed 27 stack frames]]>
    </failure>
  </testcase> <!-- createcontactTest -->
  <testcase classname="com.vtiger.contactsTest.CreateContactTest" name="createcontactTest" time="21.242">
    <failure type="java.lang.IllegalArgumentException" message="Cannot format given Object as a Date">
      <![CDATA[java.lang.IllegalArgumentException: Cannot format given Object as a Date
at java.base/java.text.DateFormat.format(DateFormat.java:339)
at java.base/java.text.Format.format(Format.java:159)
at com.sdet34l1.genericUtility.JavaJdkUtility.dateTimeInFormat(JavaJdkUtility.java:115)
at com.sdet34l1.genericUtility.WebDriverBrowserUtility.takeScreenShot(WebDriverBrowserUtility.java:288)
at com.sdet34l1.genericUtility.ListnerImplementaion.onTestFailure(ListnerImplementaion.java:70)
at java.base/java.util.ArrayList.forEach(ArrayList.java:1511)
... Removed 24 stack frames]]>
    </failure>
  </testcase> <!-- createcontactTest -->
</testsuite> <!-- Test -->
